2025-02-23 15:28:56,592 - INFO - Over 16 years old users:
2025-02-23 15:28:57,413 - INFO - Chat room - 87 | 
2025-02-23 15:28:57,413 - INFO - Mafia - 66 | 
2025-02-23 15:28:57,413 - INFO - Ludo - 0 | 
2025-02-23 15:28:57,413 - INFO - Uno - 3 | 
2025-02-23 15:28:57,413 - INFO - Russian Roulette - 4 | 
2025-02-23 15:28:57,414 - INFO - Discussion - 218 | 
2025-02-23 15:28:57,414 - INFO - Soccer - 2 | 
2025-02-23 15:28:57,414 - INFO - Golkuchik - 22 | 
2025-02-23 15:28:57,414 - INFO - Ludo - 33 | 
2025-02-23 15:28:57,414 - INFO - Esmfamil - 37 | 
2025-02-23 15:28:57,414 - INFO - Ludo - 0 | 
2025-02-23 15:28:57,414 - INFO - Candy Clash - 34 | 
2025-02-23 15:28:57,414 - INFO - Drift - 2 | 
2025-02-23 15:28:57,414 - INFO - Snakes-Ladders - 27 | 
2025-02-23 15:28:57,414 - INFO - Daberna - 25 | 
2025-02-23 15:28:57,414 - INFO - Eisenstein - 0 | 
2025-02-23 15:28:57,414 - INFO - Backgammon - 0 | 
2025-02-23 15:28:57,414 - INFO - Star'S League - 1 | 
2025-02-23 15:28:57,414 - INFO - Word War - 18 | 
2025-02-23 15:28:57,414 - INFO - Music - 0 | 
2025-02-23 15:28:57,414 - INFO - Panquiz - 19 | 
2025-02-23 15:28:57,414 - INFO - Cops-Robbers - 36 | 
2025-02-23 15:28:57,414 - INFO - Escape Room - 11 | 
2025-02-23 15:28:57,414 - INFO - Farman - 9 | 
2025-02-23 15:28:57,414 - INFO - Bal Bal - 1 | 
2025-02-23 15:28:57,414 - INFO - Panshow - 0 | 
2025-02-23 15:28:57,414 - INFO - 
2025-02-23 15:28:57,415 - INFO - Under 16 years old users:
2025-02-23 15:28:57,789 - INFO - Mafia - 66 | 
2025-02-23 15:28:57,789 - INFO - Ludo - 0 | 
2025-02-23 15:28:57,789 - INFO - Uno - 3 | 
2025-02-23 15:28:57,789 - INFO - Russian Roulette - 4 | 
2025-02-23 15:28:57,789 - INFO - Discussion - 218 | 
2025-02-23 15:28:57,789 - INFO - Soccer - 2 | 
2025-02-23 15:28:57,789 - INFO - Golkuchik - 22 | 
2025-02-23 15:28:57,789 - INFO - Ludo - 33 | 
2025-02-23 15:28:57,789 - INFO - Esmfamil - 37 | 
2025-02-23 15:28:57,789 - INFO - Ludo - 0 | 
2025-02-23 15:28:57,789 - INFO - Candy Clash - 34 | 
2025-02-23 15:28:57,789 - INFO - Drift - 2 | 
2025-02-23 15:28:57,790 - INFO - Snakes-Ladders - 27 | 
2025-02-23 15:28:57,790 - INFO - Daberna - 25 | 
2025-02-23 15:28:57,790 - INFO - Eisenstein - 0 | 
2025-02-23 15:28:57,790 - INFO - Backgammon - 0 | 
2025-02-23 15:28:57,790 - INFO - Star'S League - 1 | 
2025-02-23 15:28:57,790 - INFO - Word War - 18 | 
2025-02-23 15:28:57,790 - INFO - Music - 0 | 
2025-02-23 15:28:57,790 - INFO - Panquiz - 19 | 
2025-02-23 15:28:57,790 - INFO - Cops-Robbers - 36 | 
2025-02-23 15:28:57,790 - INFO - Escape Room - 11 | 
2025-02-23 15:28:57,790 - INFO - Farman - 9 | 
2025-02-23 15:28:57,790 - INFO - Bal Bal - 1 | 
2025-02-23 15:28:57,790 - INFO - Panshow - 0 | 
2025-02-23 15:28:57,790 - INFO - 
2025-02-23 15:43:58,799 - INFO - Over 16 years old users:
2025-02-23 15:43:59,495 - INFO - Chat room - 96 | 
2025-02-23 15:43:59,496 - INFO - Mafia - 59 | 
2025-02-23 15:43:59,496 - INFO - Ludo - 0 | 
2025-02-23 15:43:59,496 - INFO - Uno - 5 | 
2025-02-23 15:43:59,496 - INFO - Russian Roulette - 1 | 
2025-02-23 15:43:59,496 - INFO - Discussion - 246 | 
2025-02-23 15:43:59,496 - INFO - Soccer - 2 | 
2025-02-23 15:43:59,496 - INFO - Golkuchik - 23 | 
2025-02-23 15:43:59,496 - INFO - Ludo - 31 | 
2025-02-23 15:43:59,496 - INFO - Esmfamil - 33 | 
2025-02-23 15:43:59,496 - INFO - Ludo - 0 | 
2025-02-23 15:43:59,496 - INFO - Candy Clash - 33 | 
2025-02-23 15:43:59,496 - INFO - Drift - 3 | 
2025-02-23 15:43:59,496 - INFO - Snakes-Ladders - 28 | 
2025-02-23 15:43:59,496 - INFO - Daberna - 20 | 
2025-02-23 15:43:59,496 - INFO - Eisenstein - 0 | 
2025-02-23 15:43:59,496 - INFO - Backgammon - 0 | 
2025-02-23 15:43:59,496 - INFO - Star'S League - 0 | 
2025-02-23 15:43:59,496 - INFO - Word War - 15 | 
2025-02-23 15:43:59,496 - INFO - Music - 0 | 
2025-02-23 15:43:59,496 - INFO - Panquiz - 18 | 
2025-02-23 15:43:59,497 - INFO - Cops-Robbers - 38 | 
2025-02-23 15:43:59,497 - INFO - Escape Room - 9 | 
2025-02-23 15:43:59,497 - INFO - Farman - 12 | 
2025-02-23 15:43:59,497 - INFO - Bal Bal - 7 | 
2025-02-23 15:43:59,497 - INFO - Panshow - 0 | 
2025-02-23 15:43:59,497 - INFO - 
2025-02-23 15:43:59,497 - INFO - Under 16 years old users:
2025-02-23 15:43:59,719 - INFO - Mafia - 59 | 
2025-02-23 15:43:59,719 - INFO - Ludo - 0 | 
2025-02-23 15:43:59,719 - INFO - Uno - 5 | 
2025-02-23 15:43:59,719 - INFO - Russian Roulette - 1 | 
2025-02-23 15:43:59,719 - INFO - Discussion - 246 | 
2025-02-23 15:43:59,719 - INFO - Soccer - 2 | 
2025-02-23 15:43:59,719 - INFO - Golkuchik - 23 | 
2025-02-23 15:43:59,719 - INFO - Ludo - 31 | 
2025-02-23 15:43:59,719 - INFO - Esmfamil - 33 | 
2025-02-23 15:43:59,720 - INFO - Ludo - 0 | 
2025-02-23 15:43:59,720 - INFO - Candy Clash - 33 | 
2025-02-23 15:43:59,720 - INFO - Drift - 3 | 
2025-02-23 15:43:59,720 - INFO - Snakes-Ladders - 28 | 
2025-02-23 15:43:59,720 - INFO - Daberna - 20 | 
2025-02-23 15:43:59,720 - INFO - Eisenstein - 0 | 
2025-02-23 15:43:59,720 - INFO - Backgammon - 0 | 
2025-02-23 15:43:59,720 - INFO - Star'S League - 0 | 
2025-02-23 15:43:59,720 - INFO - Word War - 15 | 
2025-02-23 15:43:59,720 - INFO - Music - 0 | 
2025-02-23 15:43:59,720 - INFO - Panquiz - 18 | 
2025-02-23 15:43:59,720 - INFO - Cops-Robbers - 38 | 
2025-02-23 15:43:59,720 - INFO - Escape Room - 9 | 
2025-02-23 15:43:59,720 - INFO - Farman - 12 | 
2025-02-23 15:43:59,720 - INFO - Bal Bal - 7 | 
2025-02-23 15:43:59,720 - INFO - Panshow - 0 | 
2025-02-23 15:43:59,720 - INFO - 
2025-02-23 15:59:00,403 - INFO - Over 16 years old users:
2025-02-23 15:59:01,118 - INFO - Chat room - 97 | 
2025-02-23 15:59:01,119 - INFO - Mafia - 59 | 
2025-02-23 15:59:01,119 - INFO - Ludo - 0 | 
2025-02-23 15:59:01,119 - INFO - Uno - 6 | 
2025-02-23 15:59:01,119 - INFO - Russian Roulette - 1 | 
2025-02-23 15:59:01,119 - INFO - Discussion - 232 | 
2025-02-23 15:59:01,119 - INFO - Soccer - 3 | 
2025-02-23 15:59:01,119 - INFO - Golkuchik - 20 | 
2025-02-23 15:59:01,119 - INFO - Ludo - 25 | 
2025-02-23 15:59:01,119 - INFO - Esmfamil - 33 | 
2025-02-23 15:59:01,119 - INFO - Ludo - 0 | 
2025-02-23 15:59:01,119 - INFO - Candy Clash - 26 | 
2025-02-23 15:59:01,119 - INFO - Drift - 5 | 
2025-02-23 15:59:01,119 - INFO - Snakes-Ladders - 28 | 
2025-02-23 15:59:01,119 - INFO - Daberna - 11 | 
2025-02-23 15:59:01,119 - INFO - Eisenstein - 0 | 
2025-02-23 15:59:01,119 - INFO - Backgammon - 0 | 
2025-02-23 15:59:01,119 - INFO - Star'S League - 2 | 
2025-02-23 15:59:01,119 - INFO - Word War - 21 | 
2025-02-23 15:59:01,119 - INFO - Music - 0 | 
2025-02-23 15:59:01,119 - INFO - Panquiz - 16 | 
2025-02-23 15:59:01,120 - INFO - Cops-Robbers - 34 | 
2025-02-23 15:59:01,120 - INFO - Escape Room - 5 | 
2025-02-23 15:59:01,120 - INFO - Farman - 10 | 
2025-02-23 15:59:01,120 - INFO - Bal Bal - 4 | 
2025-02-23 15:59:01,120 - INFO - Panshow - 0 | 
2025-02-23 15:59:01,120 - INFO - 
2025-02-23 15:59:01,120 - INFO - Under 16 years old users:
2025-02-23 15:59:01,617 - INFO - Mafia - 59 | 
2025-02-23 15:59:01,617 - INFO - Ludo - 0 | 
2025-02-23 15:59:01,617 - INFO - Uno - 6 | 
2025-02-23 15:59:01,617 - INFO - Russian Roulette - 1 | 
2025-02-23 15:59:01,617 - INFO - Discussion - 232 | 
2025-02-23 15:59:01,617 - INFO - Soccer - 3 | 
2025-02-23 15:59:01,617 - INFO - Golkuchik - 20 | 
2025-02-23 15:59:01,618 - INFO - Ludo - 25 | 
2025-02-23 15:59:01,618 - INFO - Esmfamil - 33 | 
2025-02-23 15:59:01,618 - INFO - Ludo - 0 | 
2025-02-23 15:59:01,618 - INFO - Candy Clash - 26 | 
2025-02-23 15:59:01,618 - INFO - Drift - 5 | 
2025-02-23 15:59:01,618 - INFO - Snakes-Ladders - 28 | 
2025-02-23 15:59:01,618 - INFO - Daberna - 11 | 
2025-02-23 15:59:01,618 - INFO - Eisenstein - 0 | 
2025-02-23 15:59:01,618 - INFO - Backgammon - 0 | 
2025-02-23 15:59:01,618 - INFO - Star'S League - 2 | 
2025-02-23 15:59:01,618 - INFO - Word War - 21 | 
2025-02-23 15:59:01,618 - INFO - Music - 0 | 
2025-02-23 15:59:01,618 - INFO - Panquiz - 16 | 
2025-02-23 15:59:01,618 - INFO - Cops-Robbers - 34 | 
2025-02-23 15:59:01,618 - INFO - Escape Room - 5 | 
2025-02-23 15:59:01,618 - INFO - Farman - 10 | 
2025-02-23 15:59:01,618 - INFO - Bal Bal - 4 | 
2025-02-23 15:59:01,618 - INFO - Panshow - 0 | 
2025-02-23 15:59:01,618 - INFO - 
2025-02-23 16:14:02,458 - INFO - Over 16 years old users:
2025-02-23 16:14:02,999 - INFO - Chat room - 106 | 
2025-02-23 16:14:02,999 - INFO - Mafia - 61 | 
2025-02-23 16:14:02,999 - INFO - Ludo - 0 | 
2025-02-23 16:14:02,999 - INFO - Uno - 5 | 
2025-02-23 16:14:02,999 - INFO - Russian Roulette - 2 | 
2025-02-23 16:14:02,999 - INFO - Discussion - 256 | 
2025-02-23 16:14:02,999 - INFO - Soccer - 4 | 
2025-02-23 16:14:02,999 - INFO - Golkuchik - 19 | 
2025-02-23 16:14:03,000 - INFO - Ludo - 33 | 
2025-02-23 16:14:03,000 - INFO - Esmfamil - 29 | 
2025-02-23 16:14:03,000 - INFO - Ludo - 0 | 
2025-02-23 16:14:03,000 - INFO - Candy Clash - 29 | 
2025-02-23 16:14:03,000 - INFO - Drift - 3 | 
2025-02-23 16:14:03,000 - INFO - Snakes-Ladders - 23 | 
2025-02-23 16:14:03,000 - INFO - Daberna - 22 | 
2025-02-23 16:14:03,000 - INFO - Eisenstein - 0 | 
2025-02-23 16:14:03,000 - INFO - Backgammon - 0 | 
2025-02-23 16:14:03,000 - INFO - Star'S League - 1 | 
2025-02-23 16:14:03,000 - INFO - Word War - 16 | 
2025-02-23 16:14:03,000 - INFO - Music - 0 | 
2025-02-23 16:14:03,000 - INFO - Panquiz - 16 | 
2025-02-23 16:14:03,000 - INFO - Cops-Robbers - 34 | 
2025-02-23 16:14:03,000 - INFO - Escape Room - 7 | 
2025-02-23 16:14:03,000 - INFO - Farman - 9 | 
2025-02-23 16:14:03,000 - INFO - Bal Bal - 5 | 
2025-02-23 16:14:03,000 - INFO - Panshow - 0 | 
2025-02-23 16:14:03,000 - INFO - 
2025-02-23 16:14:03,000 - INFO - Under 16 years old users:
2025-02-23 16:14:03,471 - INFO - Mafia - 61 | 
2025-02-23 16:14:03,471 - INFO - Ludo - 0 | 
2025-02-23 16:14:03,471 - INFO - Uno - 5 | 
2025-02-23 16:14:03,471 - INFO - Russian Roulette - 2 | 
2025-02-23 16:14:03,471 - INFO - Discussion - 256 | 
2025-02-23 16:14:03,471 - INFO - Soccer - 4 | 
2025-02-23 16:14:03,471 - INFO - Golkuchik - 19 | 
2025-02-23 16:14:03,471 - INFO - Ludo - 33 | 
2025-02-23 16:14:03,471 - INFO - Esmfamil - 29 | 
2025-02-23 16:14:03,471 - INFO - Ludo - 0 | 
2025-02-23 16:14:03,471 - INFO - Candy Clash - 29 | 
2025-02-23 16:14:03,471 - INFO - Drift - 3 | 
2025-02-23 16:14:03,472 - INFO - Snakes-Ladders - 23 | 
2025-02-23 16:14:03,472 - INFO - Daberna - 22 | 
2025-02-23 16:14:03,472 - INFO - Eisenstein - 0 | 
2025-02-23 16:14:03,472 - INFO - Backgammon - 0 | 
2025-02-23 16:14:03,472 - INFO - Star'S League - 1 | 
2025-02-23 16:14:03,472 - INFO - Word War - 16 | 
2025-02-23 16:14:03,472 - INFO - Music - 0 | 
2025-02-23 16:14:03,472 - INFO - Panquiz - 16 | 
2025-02-23 16:14:03,472 - INFO - Cops-Robbers - 34 | 
2025-02-23 16:14:03,472 - INFO - Escape Room - 7 | 
2025-02-23 16:14:03,472 - INFO - Farman - 9 | 
2025-02-23 16:14:03,472 - INFO - Bal Bal - 5 | 
2025-02-23 16:14:03,472 - INFO - Panshow - 0 | 
2025-02-23 16:14:03,472 - INFO - 
2025-02-23 16:29:05,170 - INFO - Over 16 years old users:
2025-02-23 16:29:05,621 - INFO - Chat room - 104 | 
2025-02-23 16:29:05,622 - INFO - Mafia - 71 | 
2025-02-23 16:29:05,622 - INFO - Ludo - 0 | 
2025-02-23 16:29:05,622 - INFO - Uno - 6 | 
2025-02-23 16:29:05,622 - INFO - Russian Roulette - 0 | 
2025-02-23 16:29:05,622 - INFO - Discussion - 244 | 
2025-02-23 16:29:05,622 - INFO - Soccer - 3 | 
2025-02-23 16:29:05,622 - INFO - Golkuchik - 24 | 
2025-02-23 16:29:05,622 - INFO - Ludo - 31 | 
2025-02-23 16:29:05,622 - INFO - Esmfamil - 31 | 
2025-02-23 16:29:05,622 - INFO - Ludo - 0 | 
2025-02-23 16:29:05,622 - INFO - Candy Clash - 35 | 
2025-02-23 16:29:05,622 - INFO - Drift - 2 | 
2025-02-23 16:29:05,622 - INFO - Snakes-Ladders - 23 | 
2025-02-23 16:29:05,622 - INFO - Daberna - 20 | 
2025-02-23 16:29:05,622 - INFO - Eisenstein - 0 | 
2025-02-23 16:29:05,622 - INFO - Backgammon - 0 | 
2025-02-23 16:29:05,622 - INFO - Star'S League - 1 | 
2025-02-23 16:29:05,622 - INFO - Word War - 17 | 
2025-02-23 16:29:05,622 - INFO - Music - 0 | 
2025-02-23 16:29:05,623 - INFO - Panquiz - 17 | 
2025-02-23 16:29:05,623 - INFO - Cops-Robbers - 38 | 
2025-02-23 16:29:05,623 - INFO - Escape Room - 5 | 
2025-02-23 16:29:05,623 - INFO - Farman - 10 | 
2025-02-23 16:29:05,623 - INFO - Bal Bal - 6 | 
2025-02-23 16:29:05,623 - INFO - Panshow - 0 | 
2025-02-23 16:29:05,623 - INFO - 
2025-02-23 16:29:05,623 - INFO - Under 16 years old users:
2025-02-23 16:29:06,355 - INFO - Mafia - 71 | 
2025-02-23 16:29:06,355 - INFO - Ludo - 0 | 
2025-02-23 16:29:06,355 - INFO - Uno - 6 | 
2025-02-23 16:29:06,355 - INFO - Russian Roulette - 0 | 
2025-02-23 16:29:06,355 - INFO - Discussion - 244 | 
2025-02-23 16:29:06,355 - INFO - Soccer - 3 | 
2025-02-23 16:29:06,355 - INFO - Golkuchik - 24 | 
2025-02-23 16:29:06,355 - INFO - Ludo - 31 | 
2025-02-23 16:29:06,355 - INFO - Esmfamil - 31 | 
2025-02-23 16:29:06,355 - INFO - Ludo - 0 | 
2025-02-23 16:29:06,356 - INFO - Candy Clash - 35 | 
2025-02-23 16:29:06,356 - INFO - Drift - 2 | 
2025-02-23 16:29:06,356 - INFO - Snakes-Ladders - 23 | 
2025-02-23 16:29:06,356 - INFO - Daberna - 20 | 
2025-02-23 16:29:06,356 - INFO - Eisenstein - 0 | 
2025-02-23 16:29:06,356 - INFO - Backgammon - 0 | 
2025-02-23 16:29:06,356 - INFO - Star'S League - 1 | 
2025-02-23 16:29:06,356 - INFO - Word War - 17 | 
2025-02-23 16:29:06,356 - INFO - Music - 0 | 
2025-02-23 16:29:06,356 - INFO - Panquiz - 17 | 
2025-02-23 16:29:06,356 - INFO - Cops-Robbers - 38 | 
2025-02-23 16:29:06,356 - INFO - Escape Room - 5 | 
2025-02-23 16:29:06,356 - INFO - Farman - 10 | 
2025-02-23 16:29:06,356 - INFO - Bal Bal - 6 | 
2025-02-23 16:29:06,356 - INFO - Panshow - 0 | 
2025-02-23 16:29:06,356 - INFO - 
2025-02-23 16:44:07,449 - INFO - Over 16 years old users:
2025-02-23 16:44:07,797 - INFO - Chat room - 113 | 
2025-02-23 16:44:07,797 - INFO - Mafia - 72 | 
2025-02-23 16:44:07,797 - INFO - Ludo - 0 | 
2025-02-23 16:44:07,797 - INFO - Uno - 6 | 
2025-02-23 16:44:07,797 - INFO - Russian Roulette - 2 | 
2025-02-23 16:44:07,797 - INFO - Discussion - 264 | 
2025-02-23 16:44:07,798 - INFO - Soccer - 2 | 
2025-02-23 16:44:07,798 - INFO - Golkuchik - 24 | 
2025-02-23 16:44:07,798 - INFO - Ludo - 27 | 
2025-02-23 16:44:07,798 - INFO - Esmfamil - 31 | 
2025-02-23 16:44:07,798 - INFO - Ludo - 0 | 
2025-02-23 16:44:07,798 - INFO - Candy Clash - 27 | 
2025-02-23 16:44:07,798 - INFO - Drift - 2 | 
2025-02-23 16:44:07,798 - INFO - Snakes-Ladders - 31 | 
2025-02-23 16:44:07,798 - INFO - Daberna - 25 | 
2025-02-23 16:44:07,798 - INFO - Eisenstein - 0 | 
2025-02-23 16:44:07,798 - INFO - Backgammon - 0 | 
2025-02-23 16:44:07,798 - INFO - Star'S League - 3 | 
2025-02-23 16:44:07,798 - INFO - Word War - 21 | 
2025-02-23 16:44:07,798 - INFO - Music - 0 | 
2025-02-23 16:44:07,798 - INFO - Panquiz - 15 | 
2025-02-23 16:44:07,798 - INFO - Cops-Robbers - 43 | 
2025-02-23 16:44:07,798 - INFO - Escape Room - 7 | 
2025-02-23 16:44:07,798 - INFO - Farman - 8 | 
2025-02-23 16:44:07,798 - INFO - Bal Bal - 3 | 
2025-02-23 16:44:07,798 - INFO - Panshow - 0 | 
2025-02-23 16:44:07,798 - INFO - 
2025-02-23 16:44:07,799 - INFO - Under 16 years old users:
2025-02-23 16:44:08,072 - INFO - Mafia - 72 | 
2025-02-23 16:44:08,072 - INFO - Ludo - 0 | 
2025-02-23 16:44:08,072 - INFO - Uno - 6 | 
2025-02-23 16:44:08,072 - INFO - Russian Roulette - 2 | 
2025-02-23 16:44:08,073 - INFO - Discussion - 264 | 
2025-02-23 16:44:08,073 - INFO - Soccer - 2 | 
2025-02-23 16:44:08,073 - INFO - Golkuchik - 24 | 
2025-02-23 16:44:08,073 - INFO - Ludo - 27 | 
2025-02-23 16:44:08,073 - INFO - Esmfamil - 31 | 
2025-02-23 16:44:08,073 - INFO - Ludo - 0 | 
2025-02-23 16:44:08,073 - INFO - Candy Clash - 27 | 
2025-02-23 16:44:08,073 - INFO - Drift - 2 | 
2025-02-23 16:44:08,073 - INFO - Snakes-Ladders - 31 | 
2025-02-23 16:44:08,073 - INFO - Daberna - 25 | 
2025-02-23 16:44:08,073 - INFO - Eisenstein - 0 | 
2025-02-23 16:44:08,073 - INFO - Backgammon - 0 | 
2025-02-23 16:44:08,073 - INFO - Star'S League - 3 | 
2025-02-23 16:44:08,073 - INFO - Word War - 21 | 
2025-02-23 16:44:08,073 - INFO - Music - 0 | 
2025-02-23 16:44:08,073 - INFO - Panquiz - 15 | 
2025-02-23 16:44:08,073 - INFO - Cops-Robbers - 43 | 
2025-02-23 16:44:08,073 - INFO - Escape Room - 7 | 
2025-02-23 16:44:08,073 - INFO - Farman - 8 | 
2025-02-23 16:44:08,073 - INFO - Bal Bal - 3 | 
2025-02-23 16:44:08,073 - INFO - Panshow - 0 | 
2025-02-23 16:44:08,074 - INFO - 
2025-02-23 16:59:08,884 - INFO - Over 16 years old users:
2025-02-23 16:59:09,143 - INFO - Chat room - 119 | 
2025-02-23 16:59:09,143 - INFO - Mafia - 71 | 
2025-02-23 16:59:09,143 - INFO - Ludo - 0 | 
2025-02-23 16:59:09,143 - INFO - Uno - 4 | 
2025-02-23 16:59:09,143 - INFO - Russian Roulette - 1 | 
2025-02-23 16:59:09,143 - INFO - Discussion - 292 | 
2025-02-23 16:59:09,143 - INFO - Soccer - 2 | 
2025-02-23 16:59:09,143 - INFO - Golkuchik - 19 | 
2025-02-23 16:59:09,143 - INFO - Ludo - 30 | 
2025-02-23 16:59:09,144 - INFO - Esmfamil - 36 | 
2025-02-23 16:59:09,144 - INFO - Ludo - 0 | 
2025-02-23 16:59:09,144 - INFO - Candy Clash - 24 | 
2025-02-23 16:59:09,144 - INFO - Drift - 2 | 
2025-02-23 16:59:09,144 - INFO - Snakes-Ladders - 26 | 
2025-02-23 16:59:09,144 - INFO - Daberna - 25 | 
2025-02-23 16:59:09,144 - INFO - Eisenstein - 0 | 
2025-02-23 16:59:09,144 - INFO - Backgammon - 0 | 
2025-02-23 16:59:09,144 - INFO - Star'S League - 3 | 
2025-02-23 16:59:09,144 - INFO - Word War - 21 | 
2025-02-23 16:59:09,144 - INFO - Music - 0 | 
2025-02-23 16:59:09,144 - INFO - Panquiz - 16 | 
2025-02-23 16:59:09,144 - INFO - Cops-Robbers - 36 | 
2025-02-23 16:59:09,144 - INFO - Escape Room - 5 | 
2025-02-23 16:59:09,144 - INFO - Farman - 8 | 
2025-02-23 16:59:09,144 - INFO - Bal Bal - 4 | 
2025-02-23 16:59:09,144 - INFO - Panshow - 1 | 
2025-02-23 16:59:09,144 - INFO - 
2025-02-23 16:59:09,144 - INFO - Under 16 years old users:
2025-02-23 16:59:09,227 - INFO - Mafia - 71 | 
2025-02-23 16:59:09,227 - INFO - Ludo - 0 | 
2025-02-23 16:59:09,227 - INFO - Uno - 4 | 
2025-02-23 16:59:09,227 - INFO - Russian Roulette - 1 | 
2025-02-23 16:59:09,227 - INFO - Discussion - 292 | 
2025-02-23 16:59:09,227 - INFO - Soccer - 2 | 
2025-02-23 16:59:09,227 - INFO - Golkuchik - 19 | 
2025-02-23 16:59:09,228 - INFO - Ludo - 30 | 
2025-02-23 16:59:09,228 - INFO - Esmfamil - 36 | 
2025-02-23 16:59:09,228 - INFO - Ludo - 0 | 
2025-02-23 16:59:09,228 - INFO - Candy Clash - 24 | 
2025-02-23 16:59:09,228 - INFO - Drift - 2 | 
2025-02-23 16:59:09,228 - INFO - Snakes-Ladders - 26 | 
2025-02-23 16:59:09,228 - INFO - Daberna - 25 | 
2025-02-23 16:59:09,228 - INFO - Eisenstein - 0 | 
2025-02-23 16:59:09,228 - INFO - Backgammon - 0 | 
2025-02-23 16:59:09,228 - INFO - Star'S League - 3 | 
2025-02-23 16:59:09,228 - INFO - Word War - 21 | 
2025-02-23 16:59:09,228 - INFO - Music - 0 | 
2025-02-23 16:59:09,228 - INFO - Panquiz - 16 | 
2025-02-23 16:59:09,228 - INFO - Cops-Robbers - 36 | 
2025-02-23 16:59:09,228 - INFO - Escape Room - 5 | 
2025-02-23 16:59:09,228 - INFO - Farman - 8 | 
2025-02-23 16:59:09,228 - INFO - Bal Bal - 4 | 
2025-02-23 16:59:09,228 - INFO - Panshow - 1 | 
2025-02-23 16:59:09,228 - INFO - 
2025-02-23 17:14:10,292 - INFO - Over 16 years old users:
2025-02-23 17:14:11,196 - INFO - Chat room - 117 | 
2025-02-23 17:14:11,197 - INFO - Mafia - 67 | 
2025-02-23 17:14:11,197 - INFO - Ludo - 0 | 
2025-02-23 17:14:11,197 - INFO - Uno - 3 | 
2025-02-23 17:14:11,197 - INFO - Russian Roulette - 3 | 
2025-02-23 17:14:11,197 - INFO - Discussion - 280 | 
2025-02-23 17:14:11,197 - INFO - Soccer - 1 | 
2025-02-23 17:14:11,197 - INFO - Golkuchik - 20 | 
2025-02-23 17:14:11,197 - INFO - Ludo - 27 | 
2025-02-23 17:14:11,197 - INFO - Esmfamil - 32 | 
2025-02-23 17:14:11,197 - INFO - Ludo - 0 | 
2025-02-23 17:14:11,197 - INFO - Candy Clash - 30 | 
2025-02-23 17:14:11,197 - INFO - Drift - 3 | 
2025-02-23 17:14:11,197 - INFO - Snakes-Ladders - 22 | 
2025-02-23 17:14:11,197 - INFO - Daberna - 23 | 
2025-02-23 17:14:11,197 - INFO - Eisenstein - 0 | 
2025-02-23 17:14:11,197 - INFO - Backgammon - 0 | 
2025-02-23 17:14:11,197 - INFO - Star'S League - 3 | 
2025-02-23 17:14:11,197 - INFO - Word War - 21 | 
2025-02-23 17:14:11,197 - INFO - Music - 0 | 
2025-02-23 17:14:11,197 - INFO - Panquiz - 23 | 
2025-02-23 17:14:11,197 - INFO - Cops-Robbers - 36 | 
2025-02-23 17:14:11,197 - INFO - Escape Room - 11 | 
2025-02-23 17:14:11,198 - INFO - Farman - 7 | 
2025-02-23 17:14:11,198 - INFO - Bal Bal - 4 | 
2025-02-23 17:14:11,198 - INFO - Panshow - 1 | 
2025-02-23 17:14:11,198 - INFO - 
2025-02-23 17:14:11,198 - INFO - Under 16 years old users:
2025-02-23 17:14:12,118 - INFO - Mafia - 67 | 
2025-02-23 17:14:12,118 - INFO - Ludo - 0 | 
2025-02-23 17:14:12,118 - INFO - Uno - 3 | 
2025-02-23 17:14:12,118 - INFO - Russian Roulette - 3 | 
2025-02-23 17:14:12,119 - INFO - Discussion - 280 | 
2025-02-23 17:14:12,119 - INFO - Soccer - 1 | 
2025-02-23 17:14:12,119 - INFO - Golkuchik - 20 | 
2025-02-23 17:14:12,119 - INFO - Ludo - 27 | 
2025-02-23 17:14:12,119 - INFO - Esmfamil - 32 | 
2025-02-23 17:14:12,119 - INFO - Ludo - 0 | 
2025-02-23 17:14:12,119 - INFO - Candy Clash - 30 | 
2025-02-23 17:14:12,119 - INFO - Drift - 3 | 
2025-02-23 17:14:12,119 - INFO - Snakes-Ladders - 22 | 
2025-02-23 17:14:12,119 - INFO - Daberna - 23 | 
2025-02-23 17:14:12,119 - INFO - Eisenstein - 0 | 
2025-02-23 17:14:12,119 - INFO - Backgammon - 0 | 
2025-02-23 17:14:12,119 - INFO - Star'S League - 3 | 
2025-02-23 17:14:12,119 - INFO - Word War - 21 | 
2025-02-23 17:14:12,119 - INFO - Music - 0 | 
2025-02-23 17:14:12,119 - INFO - Panquiz - 23 | 
2025-02-23 17:14:12,119 - INFO - Cops-Robbers - 36 | 
2025-02-23 17:14:12,119 - INFO - Escape Room - 11 | 
2025-02-23 17:14:12,119 - INFO - Farman - 7 | 
2025-02-23 17:14:12,119 - INFO - Bal Bal - 4 | 
2025-02-23 17:14:12,119 - INFO - Panshow - 1 | 
2025-02-23 17:14:12,119 - INFO - 
2025-02-23 17:29:13,318 - INFO - Over 16 years old users:
2025-02-23 17:29:13,553 - INFO - Chat room - 95 | 
2025-02-23 17:29:13,553 - INFO - Mafia - 70 | 
2025-02-23 17:29:13,553 - INFO - Ludo - 0 | 
2025-02-23 17:29:13,553 - INFO - Uno - 5 | 
2025-02-23 17:29:13,553 - INFO - Russian Roulette - 3 | 
2025-02-23 17:29:13,553 - INFO - Discussion - 244 | 
2025-02-23 17:29:13,553 - INFO - Soccer - 2 | 
2025-02-23 17:29:13,553 - INFO - Golkuchik - 30 | 
2025-02-23 17:29:13,553 - INFO - Ludo - 29 | 
2025-02-23 17:29:13,554 - INFO - Esmfamil - 28 | 
2025-02-23 17:29:13,554 - INFO - Ludo - 0 | 
2025-02-23 17:29:13,554 - INFO - Candy Clash - 28 | 
2025-02-23 17:29:13,554 - INFO - Drift - 2 | 
2025-02-23 17:29:13,554 - INFO - Snakes-Ladders - 22 | 
2025-02-23 17:29:13,554 - INFO - Daberna - 33 | 
2025-02-23 17:29:13,554 - INFO - Eisenstein - 0 | 
2025-02-23 17:29:13,554 - INFO - Backgammon - 0 | 
2025-02-23 17:29:13,554 - INFO - Star'S League - 2 | 
2025-02-23 17:29:13,554 - INFO - Word War - 19 | 
2025-02-23 17:29:13,554 - INFO - Music - 0 | 
2025-02-23 17:29:13,554 - INFO - Panquiz - 22 | 
2025-02-23 17:29:13,554 - INFO - Cops-Robbers - 37 | 
2025-02-23 17:29:13,554 - INFO - Escape Room - 12 | 
2025-02-23 17:29:13,554 - INFO - Farman - 9 | 
2025-02-23 17:29:13,554 - INFO - Bal Bal - 3 | 
2025-02-23 17:29:13,554 - INFO - Panshow - 1 | 
2025-02-23 17:29:13,554 - INFO - 
2025-02-23 17:29:13,554 - INFO - Under 16 years old users:
2025-02-23 17:29:14,063 - INFO - Mafia - 70 | 
2025-02-23 17:29:14,064 - INFO - Ludo - 0 | 
2025-02-23 17:29:14,064 - INFO - Uno - 5 | 
2025-02-23 17:29:14,064 - INFO - Russian Roulette - 3 | 
2025-02-23 17:29:14,064 - INFO - Discussion - 244 | 
2025-02-23 17:29:14,064 - INFO - Soccer - 2 | 
2025-02-23 17:29:14,064 - INFO - Golkuchik - 30 | 
2025-02-23 17:29:14,064 - INFO - Ludo - 29 | 
2025-02-23 17:29:14,064 - INFO - Esmfamil - 28 | 
2025-02-23 17:29:14,064 - INFO - Ludo - 0 | 
2025-02-23 17:29:14,064 - INFO - Candy Clash - 28 | 
2025-02-23 17:29:14,064 - INFO - Drift - 2 | 
2025-02-23 17:29:14,064 - INFO - Snakes-Ladders - 22 | 
2025-02-23 17:29:14,064 - INFO - Daberna - 33 | 
2025-02-23 17:29:14,064 - INFO - Eisenstein - 0 | 
2025-02-23 17:29:14,064 - INFO - Backgammon - 0 | 
2025-02-23 17:29:14,064 - INFO - Star'S League - 2 | 
2025-02-23 17:29:14,064 - INFO - Word War - 19 | 
2025-02-23 17:29:14,064 - INFO - Music - 0 | 
2025-02-23 17:29:14,064 - INFO - Panquiz - 22 | 
2025-02-23 17:29:14,064 - INFO - Cops-Robbers - 37 | 
2025-02-23 17:29:14,065 - INFO - Escape Room - 12 | 
2025-02-23 17:29:14,065 - INFO - Farman - 9 | 
2025-02-23 17:29:14,065 - INFO - Bal Bal - 3 | 
2025-02-23 17:29:14,065 - INFO - Panshow - 1 | 
2025-02-23 17:29:14,065 - INFO - 
2025-02-23 17:44:15,232 - INFO - Over 16 years old users:
2025-02-23 17:44:15,518 - INFO - Chat room - 92 | 
2025-02-23 17:44:15,518 - INFO - Mafia - 70 | 
2025-02-23 17:44:15,518 - INFO - Ludo - 0 | 
2025-02-23 17:44:15,518 - INFO - Uno - 4 | 
2025-02-23 17:44:15,519 - INFO - Russian Roulette - 1 | 
2025-02-23 17:44:15,519 - INFO - Discussion - 234 | 
2025-02-23 17:44:15,519 - INFO - Soccer - 2 | 
2025-02-23 17:44:15,519 - INFO - Golkuchik - 31 | 
2025-02-23 17:44:15,519 - INFO - Ludo - 30 | 
2025-02-23 17:44:15,519 - INFO - Esmfamil - 35 | 
2025-02-23 17:44:15,519 - INFO - Ludo - 0 | 
2025-02-23 17:44:15,519 - INFO - Candy Clash - 27 | 
2025-02-23 17:44:15,519 - INFO - Drift - 3 | 
2025-02-23 17:44:15,519 - INFO - Snakes-Ladders - 14 | 
2025-02-23 17:44:15,519 - INFO - Daberna - 24 | 
2025-02-23 17:44:15,519 - INFO - Eisenstein - 0 | 
2025-02-23 17:44:15,519 - INFO - Backgammon - 0 | 
2025-02-23 17:44:15,519 - INFO - Star'S League - 2 | 
2025-02-23 17:44:15,519 - INFO - Word War - 21 | 
2025-02-23 17:44:15,519 - INFO - Music - 0 | 
2025-02-23 17:44:15,519 - INFO - Panquiz - 28 | 
2025-02-23 17:44:15,519 - INFO - Cops-Robbers - 38 | 
2025-02-23 17:44:15,519 - INFO - Escape Room - 13 | 
2025-02-23 17:44:15,519 - INFO - Farman - 7 | 
2025-02-23 17:44:15,519 - INFO - Bal Bal - 5 | 
2025-02-23 17:44:15,520 - INFO - Panshow - 2 | 
2025-02-23 17:44:15,520 - INFO - 
2025-02-23 17:44:15,520 - INFO - Under 16 years old users:
2025-02-23 17:44:16,047 - INFO - Mafia - 70 | 
2025-02-23 17:44:16,048 - INFO - Ludo - 0 | 
2025-02-23 17:44:16,048 - INFO - Uno - 4 | 
2025-02-23 17:44:16,048 - INFO - Russian Roulette - 1 | 
2025-02-23 17:44:16,048 - INFO - Discussion - 234 | 
2025-02-23 17:44:16,048 - INFO - Soccer - 2 | 
2025-02-23 17:44:16,048 - INFO - Golkuchik - 31 | 
2025-02-23 17:44:16,048 - INFO - Ludo - 30 | 
2025-02-23 17:44:16,048 - INFO - Esmfamil - 35 | 
2025-02-23 17:44:16,048 - INFO - Ludo - 0 | 
2025-02-23 17:44:16,048 - INFO - Candy Clash - 27 | 
2025-02-23 17:44:16,048 - INFO - Drift - 3 | 
2025-02-23 17:44:16,048 - INFO - Snakes-Ladders - 14 | 
2025-02-23 17:44:16,048 - INFO - Daberna - 24 | 
2025-02-23 17:44:16,048 - INFO - Eisenstein - 0 | 
2025-02-23 17:44:16,048 - INFO - Backgammon - 0 | 
2025-02-23 17:44:16,048 - INFO - Star'S League - 2 | 
2025-02-23 17:44:16,048 - INFO - Word War - 21 | 
2025-02-23 17:44:16,048 - INFO - Music - 0 | 
2025-02-23 17:44:16,048 - INFO - Panquiz - 28 | 
2025-02-23 17:44:16,049 - INFO - Cops-Robbers - 38 | 
2025-02-23 17:44:16,049 - INFO - Escape Room - 13 | 
2025-02-23 17:44:16,049 - INFO - Farman - 7 | 
2025-02-23 17:44:16,049 - INFO - Bal Bal - 5 | 
2025-02-23 17:44:16,049 - INFO - Panshow - 2 | 
2025-02-23 17:44:16,049 - INFO - 
2025-02-23 17:59:16,787 - INFO - Over 16 years old users:
2025-02-23 17:59:17,242 - INFO - Chat room - 110 | 
2025-02-23 17:59:17,242 - INFO - Mafia - 63 | 
2025-02-23 17:59:17,242 - INFO - Ludo - 0 | 
2025-02-23 17:59:17,242 - INFO - Uno - 4 | 
2025-02-23 17:59:17,242 - INFO - Russian Roulette - 0 | 
2025-02-23 17:59:17,242 - INFO - Discussion - 272 | 
2025-02-23 17:59:17,242 - INFO - Soccer - 2 | 
2025-02-23 17:59:17,242 - INFO - Golkuchik - 30 | 
2025-02-23 17:59:17,242 - INFO - Ludo - 28 | 
2025-02-23 17:59:17,242 - INFO - Esmfamil - 34 | 
2025-02-23 17:59:17,243 - INFO - Ludo - 0 | 
2025-02-23 17:59:17,243 - INFO - Candy Clash - 24 | 
2025-02-23 17:59:17,243 - INFO - Drift - 5 | 
2025-02-23 17:59:17,243 - INFO - Snakes-Ladders - 15 | 
2025-02-23 17:59:17,243 - INFO - Daberna - 22 | 
2025-02-23 17:59:17,243 - INFO - Eisenstein - 0 | 
2025-02-23 17:59:17,243 - INFO - Backgammon - 0 | 
2025-02-23 17:59:17,243 - INFO - Star'S League - 0 | 
2025-02-23 17:59:17,243 - INFO - Word War - 17 | 
2025-02-23 17:59:17,243 - INFO - Music - 0 | 
2025-02-23 17:59:17,243 - INFO - Panquiz - 21 | 
2025-02-23 17:59:17,243 - INFO - Cops-Robbers - 43 | 
2025-02-23 17:59:17,243 - INFO - Escape Room - 10 | 
2025-02-23 17:59:17,243 - INFO - Farman - 10 | 
2025-02-23 17:59:17,243 - INFO - Bal Bal - 4 | 
2025-02-23 17:59:17,243 - INFO - Panshow - 0 | 
2025-02-23 17:59:17,243 - INFO - 
2025-02-23 17:59:17,243 - INFO - Under 16 years old users:
2025-02-23 17:59:17,474 - INFO - Mafia - 63 | 
2025-02-23 17:59:17,474 - INFO - Ludo - 0 | 
2025-02-23 17:59:17,474 - INFO - Uno - 4 | 
2025-02-23 17:59:17,474 - INFO - Russian Roulette - 0 | 
2025-02-23 17:59:17,474 - INFO - Discussion - 272 | 
2025-02-23 17:59:17,474 - INFO - Soccer - 2 | 
2025-02-23 17:59:17,474 - INFO - Golkuchik - 30 | 
2025-02-23 17:59:17,474 - INFO - Ludo - 28 | 
2025-02-23 17:59:17,474 - INFO - Esmfamil - 34 | 
2025-02-23 17:59:17,474 - INFO - Ludo - 0 | 
2025-02-23 17:59:17,474 - INFO - Candy Clash - 24 | 
2025-02-23 17:59:17,474 - INFO - Drift - 5 | 
2025-02-23 17:59:17,474 - INFO - Snakes-Ladders - 15 | 
2025-02-23 17:59:17,474 - INFO - Daberna - 22 | 
2025-02-23 17:59:17,474 - INFO - Eisenstein - 0 | 
2025-02-23 17:59:17,475 - INFO - Backgammon - 0 | 
2025-02-23 17:59:17,475 - INFO - Star'S League - 0 | 
2025-02-23 17:59:17,475 - INFO - Word War - 17 | 
2025-02-23 17:59:17,475 - INFO - Music - 0 | 
2025-02-23 17:59:17,475 - INFO - Panquiz - 21 | 
2025-02-23 17:59:17,475 - INFO - Cops-Robbers - 43 | 
2025-02-23 17:59:17,475 - INFO - Escape Room - 10 | 
2025-02-23 17:59:17,475 - INFO - Farman - 10 | 
2025-02-23 17:59:17,475 - INFO - Bal Bal - 4 | 
2025-02-23 17:59:17,475 - INFO - Panshow - 0 | 
2025-02-23 17:59:17,475 - INFO - 
